Detecting C compiler ABI info failed to compile with the following output:
Change Dir: /home/serh/workspace/Middleware/build/CMakeFiles/CMakeScratch/TryCompile-qE3S3E

Run Build Command(s):/usr/bin/ninja cmTC_c819b && [1/2] Building C object CMakeFiles/cmTC_c819b.dir/CMakeCCompilerABI.c.o
Using built-in specs.
COLLECT_GCC=/home/serh/.espressif/tools/riscv32-esp-elf/esp-2021r2-patch5-8.4.0/riscv32-esp-elf/bin/riscv32-esp-elf-gcc
Target: riscv32-esp-elf
Configured with: /builds/idf/crosstool-NG/.build/riscv32-esp-elf/src/gcc/configure --build=x86_64-build_pc-linux-gnu --host=x86_64-build_pc-linux-gnu --target=riscv32-esp-elf --prefix=/builds/idf/crosstool-NG/builds/riscv32-esp-elf --exec_prefix=/builds/idf/crosstool-NG/builds/riscv32-esp-elf --with-local-prefix=/builds/idf/crosstool-NG/builds/riscv32-esp-elf/riscv32-esp-elf --with-headers=/builds/idf/crosstool-NG/builds/riscv32-esp-elf/riscv32-esp-elf/include --with-newlib --enable-threads=no --disable-shared --with-arch=rv32gc --with-abi=ilp32 --with-pkgversion='crosstool-NG esp-2021r2-patch5' --disable-__cxa_atexit --enable-cxx-flags=-ffunction-sections --disable-libgomp --disable-libmudflap --disable-libmpx --disable-libssp --disable-libquadmath --disable-libquadmath-support --disable-libstdcxx-verbose --with-gmp=/builds/idf/crosstool-NG/.build/riscv32-esp-elf/buildtools --with-mpfr=/builds/idf/crosstool-NG/.build/riscv32-esp-elf/buildtools --with-mpc=/builds/idf/crosstool-NG/.build/riscv32-esp-elf/buildtools --with-isl=/builds/idf/crosstool-NG/.build/riscv32-esp-elf/buildtools --enable-lto --enable-target-optspace --without-long-double-128 --disable-nls --enable-multiarch --enable-languages=c,c++ --disable-libstdcxx-verbose --enable-threads=posix --enable-gcov-custom-rtio --enable-libstdcxx-time=yes
Thread model: posix
gcc version 8.4.0 (crosstool-NG esp-2021r2-patch5) 
COLLECT_GCC_OPTIONS='-v' '-o' 'CMakeFiles/cmTC_c819b.dir/CMakeCCompilerABI.c.o' '-c' '-march=rv32gc' '-mabi=ilp32'
 /media/linux_ext/serh/.espressif/tools/riscv32-esp-elf/esp-2021r2-patch5-8.4.0/riscv32-esp-elf/bin/../libexec/gcc/riscv32-esp-elf/8.4.0/cc1 -quiet -v -iprefix /media/linux_ext/serh/.espressif/tools/riscv32-esp-elf/esp-2021r2-patch5-8.4.0/riscv32-esp-elf/bin/../lib/gcc/riscv32-esp-elf/8.4.0/ /usr/share/cmake-3.25/Modules/CMakeCCompilerABI.c -quiet -dumpbase CMakeCCompilerABI.c -march=rv32gc -mabi=ilp32 -auxbase-strip CMakeFiles/cmTC_c819b.dir/CMakeCCompilerABI.c.o -version -o /tmp/ccMZThSs.s
GNU C17 (crosstool-NG esp-2021r2-patch5) version 8.4.0 (riscv32-esp-elf)
	compiled by GNU C version 4.9.2, GMP version 6.2.1, MPFR version 4.1.0, MPC version 1.2.1, isl version isl-0.19-GMP

GGC heuristics: --param ggc-min-expand=100 --param ggc-min-heapsize=131072
ignoring duplicate directory "/media/linux_ext/serh/.espressif/tools/riscv32-esp-elf/esp-2021r2-patch5-8.4.0/riscv32-esp-elf/bin/../lib/gcc/../../lib/gcc/riscv32-esp-elf/8.4.0/include"
ignoring duplicate directory "/media/linux_ext/serh/.espressif/tools/riscv32-esp-elf/esp-2021r2-patch5-8.4.0/riscv32-esp-elf/bin/../lib/gcc/../../lib/gcc/riscv32-esp-elf/8.4.0/include-fixed"
ignoring duplicate directory "/media/linux_ext/serh/.espressif/tools/riscv32-esp-elf/esp-2021r2-patch5-8.4.0/riscv32-esp-elf/bin/../lib/gcc/../../lib/gcc/riscv32-esp-elf/8.4.0/../../../../riscv32-esp-elf/sys-include"
ignoring duplicate directory "/media/linux_ext/serh/.espressif/tools/riscv32-esp-elf/esp-2021r2-patch5-8.4.0/riscv32-esp-elf/bin/../lib/gcc/../../lib/gcc/riscv32-esp-elf/8.4.0/../../../../riscv32-esp-elf/include"
#include "..." search starts here:
#include <...> search starts here:
 /media/linux_ext/serh/.espressif/tools/riscv32-esp-elf/esp-2021r2-patch5-8.4.0/riscv32-esp-elf/bin/../lib/gcc/riscv32-esp-elf/8.4.0/include
 /media/linux_ext/serh/.espressif/tools/riscv32-esp-elf/esp-2021r2-patch5-8.4.0/riscv32-esp-elf/bin/../lib/gcc/riscv32-esp-elf/8.4.0/include-fixed
 /media/linux_ext/serh/.espressif/tools/riscv32-esp-elf/esp-2021r2-patch5-8.4.0/riscv32-esp-elf/bin/../lib/gcc/riscv32-esp-elf/8.4.0/../../../../riscv32-esp-elf/sys-include
 /media/linux_ext/serh/.espressif/tools/riscv32-esp-elf/esp-2021r2-patch5-8.4.0/riscv32-esp-elf/bin/../lib/gcc/riscv32-esp-elf/8.4.0/../../../../riscv32-esp-elf/include
End of search list.
GNU C17 (crosstool-NG esp-2021r2-patch5) version 8.4.0 (riscv32-esp-elf)
	compiled by GNU C version 4.9.2, GMP version 6.2.1, MPFR version 4.1.0, MPC version 1.2.1, isl version isl-0.19-GMP

GGC heuristics: --param ggc-min-expand=100 --param ggc-min-heapsize=131072
Compiler executable checksum: be3176e2c451b29becc1d8e6c26dd905
COLLECT_GCC_OPTIONS='-v' '-o' 'CMakeFiles/cmTC_c819b.dir/CMakeCCompilerABI.c.o' '-c' '-march=rv32gc' '-mabi=ilp32'
 /media/linux_ext/serh/.espressif/tools/riscv32-esp-elf/esp-2021r2-patch5-8.4.0/riscv32-esp-elf/bin/../lib/gcc/riscv32-esp-elf/8.4.0/../../../../riscv32-esp-elf/bin/as -v --traditional-format -march=rv32gc -mabi=ilp32 -o CMakeFiles/cmTC_c819b.dir/CMakeCCompilerABI.c.o /tmp/ccMZThSs.s
GNU assembler version 2.35.1 (riscv32-esp-elf) using BFD version (crosstool-NG esp-2021r2-patch5) 2.35.1.20201223
COMPILER_PATH=/media/linux_ext/serh/.espressif/tools/riscv32-esp-elf/esp-2021r2-patch5-8.4.0/riscv32-esp-elf/bin/../libexec/gcc/riscv32-esp-elf/8.4.0/:/media/linux_ext/serh/.espressif/tools/riscv32-esp-elf/esp-2021r2-patch5-8.4.0/riscv32-esp-elf/bin/../libexec/gcc/:/media/linux_ext/serh/.espressif/tools/riscv32-esp-elf/esp-2021r2-patch5-8.4.0/riscv32-esp-elf/bin/../lib/gcc/riscv32-esp-elf/8.4.0/../../../../riscv32-esp-elf/bin/
LIBRARY_PATH=/media/linux_ext/serh/.espressif/tools/riscv32-esp-elf/esp-2021r2-patch5-8.4.0/riscv32-esp-elf/bin/../lib/gcc/riscv32-esp-elf/8.4.0/:/media/linux_ext/serh/.espressif/tools/riscv32-esp-elf/esp-2021r2-patch5-8.4.0/riscv32-esp-elf/bin/../lib/gcc/:/media/linux_ext/serh/.espressif/tools/riscv32-esp-elf/esp-2021r2-patch5-8.4.0/riscv32-esp-elf/bin/../lib/gcc/riscv32-esp-elf/8.4.0/../../../../riscv32-esp-elf/lib/:/lib/:/usr/lib/
COLLECT_GCC_OPTIONS='-v' '-o' 'CMakeFiles/cmTC_c819b.dir/CMakeCCompilerABI.c.o' '-c' '-march=rv32gc' '-mabi=ilp32'
[2/2] Linking C executable cmTC_c819b
FAILED: cmTC_c819b 
: && /home/serh/.espressif/tools/riscv32-esp-elf/esp-2021r2-patch5-8.4.0/riscv32-esp-elf/bin/riscv32-esp-elf-gcc  -v  -rdynamic CMakeFiles/cmTC_c819b.dir/CMakeCCompilerABI.c.o -o cmTC_c819b   && :
Using built-in specs.
COLLECT_GCC=/home/serh/.espressif/tools/riscv32-esp-elf/esp-2021r2-patch5-8.4.0/riscv32-esp-elf/bin/riscv32-esp-elf-gcc
COLLECT_LTO_WRAPPER=/media/linux_ext/serh/.espressif/tools/riscv32-esp-elf/esp-2021r2-patch5-8.4.0/riscv32-esp-elf/bin/../libexec/gcc/riscv32-esp-elf/8.4.0/lto-wrapper
riscv32-esp-elf-gcc: error: unrecognized command line option '-rdynamic'
Target: riscv32-esp-elf
Configured with: /builds/idf/crosstool-NG/.build/riscv32-esp-elf/src/gcc/configure --build=x86_64-build_pc-linux-gnu --host=x86_64-build_pc-linux-gnu --target=riscv32-esp-elf --prefix=/builds/idf/crosstool-NG/builds/riscv32-esp-elf --exec_prefix=/builds/idf/crosstool-NG/builds/riscv32-esp-elf --with-local-prefix=/builds/idf/crosstool-NG/builds/riscv32-esp-elf/riscv32-esp-elf --with-headers=/builds/idf/crosstool-NG/builds/riscv32-esp-elf/riscv32-esp-elf/include --with-newlib --enable-threads=no --disable-shared --with-arch=rv32gc --with-abi=ilp32 --with-pkgversion='crosstool-NG esp-2021r2-patch5' --disable-__cxa_atexit --enable-cxx-flags=-ffunction-sections --disable-libgomp --disable-libmudflap --disable-libmpx --disable-libssp --disable-libquadmath --disable-libquadmath-support --disable-libstdcxx-verbose --with-gmp=/builds/idf/crosstool-NG/.build/riscv32-esp-elf/buildtools --with-mpfr=/builds/idf/crosstool-NG/.build/riscv32-esp-elf/buildtools --with-mpc=/builds/idf/crosstool-NG/.build/riscv32-esp-elf/buildtools --with-isl=/builds/idf/crosstool-NG/.build/riscv32-esp-elf/buildtools --enable-lto --enable-target-optspace --without-long-double-128 --disable-nls --enable-multiarch --enable-languages=c,c++ --disable-libstdcxx-verbose --enable-threads=posix --enable-gcov-custom-rtio --enable-libstdcxx-time=yes
Thread model: posix
gcc version 8.4.0 (crosstool-NG esp-2021r2-patch5) 
ninja: build stopped: subcommand failed.




Determining if the C compiler works failed with the following output:
Change Dir: /home/serh/workspace/Middleware/build/CMakeFiles/CMakeScratch/TryCompile-pwUT7i

Run Build Command(s):/usr/bin/ninja cmTC_74920 && [1/2] Building C object CMakeFiles/cmTC_74920.dir/testCCompiler.c.o
[2/2] Linking C executable cmTC_74920
FAILED: cmTC_74920 
: && /home/serh/.espressif/tools/riscv32-esp-elf/esp-2021r2-patch5-8.4.0/riscv32-esp-elf/bin/riscv32-esp-elf-gcc  -rdynamic CMakeFiles/cmTC_74920.dir/testCCompiler.c.o -o cmTC_74920   && :
riscv32-esp-elf-gcc: error: unrecognized command line option '-rdynamic'
ninja: build stopped: subcommand failed.



Detecting C compiler ABI info failed to compile with the following output:
Change Dir: /home/serh/workspace/Middleware/build/CMakeFiles/CMakeScratch/TryCompile-SUsSvz

Run Build Command(s):/usr/bin/ninja cmTC_a8d3a && [1/2] Building C object CMakeFiles/cmTC_a8d3a.dir/CMakeCCompilerABI.c.o
Using built-in specs.
COLLECT_GCC=/home/serh/.espressif/tools/riscv32-esp-elf/esp-2021r2-patch5-8.4.0/riscv32-esp-elf/bin/riscv32-esp-elf-gcc
Target: riscv32-esp-elf
Configured with: /builds/idf/crosstool-NG/.build/riscv32-esp-elf/src/gcc/configure --build=x86_64-build_pc-linux-gnu --host=x86_64-build_pc-linux-gnu --target=riscv32-esp-elf --prefix=/builds/idf/crosstool-NG/builds/riscv32-esp-elf --exec_prefix=/builds/idf/crosstool-NG/builds/riscv32-esp-elf --with-local-prefix=/builds/idf/crosstool-NG/builds/riscv32-esp-elf/riscv32-esp-elf --with-headers=/builds/idf/crosstool-NG/builds/riscv32-esp-elf/riscv32-esp-elf/include --with-newlib --enable-threads=no --disable-shared --with-arch=rv32gc --with-abi=ilp32 --with-pkgversion='crosstool-NG esp-2021r2-patch5' --disable-__cxa_atexit --enable-cxx-flags=-ffunction-sections --disable-libgomp --disable-libmudflap --disable-libmpx --disable-libssp --disable-libquadmath --disable-libquadmath-support --disable-libstdcxx-verbose --with-gmp=/builds/idf/crosstool-NG/.build/riscv32-esp-elf/buildtools --with-mpfr=/builds/idf/crosstool-NG/.build/riscv32-esp-elf/buildtools --with-mpc=/builds/idf/crosstool-NG/.build/riscv32-esp-elf/buildtools --with-isl=/builds/idf/crosstool-NG/.build/riscv32-esp-elf/buildtools --enable-lto --enable-target-optspace --without-long-double-128 --disable-nls --enable-multiarch --enable-languages=c,c++ --disable-libstdcxx-verbose --enable-threads=posix --enable-gcov-custom-rtio --enable-libstdcxx-time=yes
Thread model: posix
gcc version 8.4.0 (crosstool-NG esp-2021r2-patch5) 
COLLECT_GCC_OPTIONS='-v' '-o' 'CMakeFiles/cmTC_a8d3a.dir/CMakeCCompilerABI.c.o' '-c' '-march=rv32gc' '-mabi=ilp32'
 /media/linux_ext/serh/.espressif/tools/riscv32-esp-elf/esp-2021r2-patch5-8.4.0/riscv32-esp-elf/bin/../libexec/gcc/riscv32-esp-elf/8.4.0/cc1 -quiet -v -iprefix /media/linux_ext/serh/.espressif/tools/riscv32-esp-elf/esp-2021r2-patch5-8.4.0/riscv32-esp-elf/bin/../lib/gcc/riscv32-esp-elf/8.4.0/ /usr/share/cmake-3.25/Modules/CMakeCCompilerABI.c -quiet -dumpbase CMakeCCompilerABI.c -march=rv32gc -mabi=ilp32 -auxbase-strip CMakeFiles/cmTC_a8d3a.dir/CMakeCCompilerABI.c.o -version -o /tmp/ccu4RUQS.s
GNU C17 (crosstool-NG esp-2021r2-patch5) version 8.4.0 (riscv32-esp-elf)
	compiled by GNU C version 4.9.2, GMP version 6.2.1, MPFR version 4.1.0, MPC version 1.2.1, isl version isl-0.19-GMP

GGC heuristics: --param ggc-min-expand=100 --param ggc-min-heapsize=131072
ignoring duplicate directory "/media/linux_ext/serh/.espressif/tools/riscv32-esp-elf/esp-2021r2-patch5-8.4.0/riscv32-esp-elf/bin/../lib/gcc/../../lib/gcc/riscv32-esp-elf/8.4.0/include"
ignoring duplicate directory "/media/linux_ext/serh/.espressif/tools/riscv32-esp-elf/esp-2021r2-patch5-8.4.0/riscv32-esp-elf/bin/../lib/gcc/../../lib/gcc/riscv32-esp-elf/8.4.0/include-fixed"
ignoring duplicate directory "/media/linux_ext/serh/.espressif/tools/riscv32-esp-elf/esp-2021r2-patch5-8.4.0/riscv32-esp-elf/bin/../lib/gcc/../../lib/gcc/riscv32-esp-elf/8.4.0/../../../../riscv32-esp-elf/sys-include"
ignoring duplicate directory "/media/linux_ext/serh/.espressif/tools/riscv32-esp-elf/esp-2021r2-patch5-8.4.0/riscv32-esp-elf/bin/../lib/gcc/../../lib/gcc/riscv32-esp-elf/8.4.0/../../../../riscv32-esp-elf/include"
#include "..." search starts here:
#include <...> search starts here:
 /media/linux_ext/serh/.espressif/tools/riscv32-esp-elf/esp-2021r2-patch5-8.4.0/riscv32-esp-elf/bin/../lib/gcc/riscv32-esp-elf/8.4.0/include
 /media/linux_ext/serh/.espressif/tools/riscv32-esp-elf/esp-2021r2-patch5-8.4.0/riscv32-esp-elf/bin/../lib/gcc/riscv32-esp-elf/8.4.0/include-fixed
 /media/linux_ext/serh/.espressif/tools/riscv32-esp-elf/esp-2021r2-patch5-8.4.0/riscv32-esp-elf/bin/../lib/gcc/riscv32-esp-elf/8.4.0/../../../../riscv32-esp-elf/sys-include
 /media/linux_ext/serh/.espressif/tools/riscv32-esp-elf/esp-2021r2-patch5-8.4.0/riscv32-esp-elf/bin/../lib/gcc/riscv32-esp-elf/8.4.0/../../../../riscv32-esp-elf/include
End of search list.
GNU C17 (crosstool-NG esp-2021r2-patch5) version 8.4.0 (riscv32-esp-elf)
	compiled by GNU C version 4.9.2, GMP version 6.2.1, MPFR version 4.1.0, MPC version 1.2.1, isl version isl-0.19-GMP

GGC heuristics: --param ggc-min-expand=100 --param ggc-min-heapsize=131072
Compiler executable checksum: be3176e2c451b29becc1d8e6c26dd905
COLLECT_GCC_OPTIONS='-v' '-o' 'CMakeFiles/cmTC_a8d3a.dir/CMakeCCompilerABI.c.o' '-c' '-march=rv32gc' '-mabi=ilp32'
 /media/linux_ext/serh/.espressif/tools/riscv32-esp-elf/esp-2021r2-patch5-8.4.0/riscv32-esp-elf/bin/../lib/gcc/riscv32-esp-elf/8.4.0/../../../../riscv32-esp-elf/bin/as -v --traditional-format -march=rv32gc -mabi=ilp32 -o CMakeFiles/cmTC_a8d3a.dir/CMakeCCompilerABI.c.o /tmp/ccu4RUQS.s
GNU assembler version 2.35.1 (riscv32-esp-elf) using BFD version (crosstool-NG esp-2021r2-patch5) 2.35.1.20201223
COMPILER_PATH=/media/linux_ext/serh/.espressif/tools/riscv32-esp-elf/esp-2021r2-patch5-8.4.0/riscv32-esp-elf/bin/../libexec/gcc/riscv32-esp-elf/8.4.0/:/media/linux_ext/serh/.espressif/tools/riscv32-esp-elf/esp-2021r2-patch5-8.4.0/riscv32-esp-elf/bin/../libexec/gcc/:/media/linux_ext/serh/.espressif/tools/riscv32-esp-elf/esp-2021r2-patch5-8.4.0/riscv32-esp-elf/bin/../lib/gcc/riscv32-esp-elf/8.4.0/../../../../riscv32-esp-elf/bin/
LIBRARY_PATH=/media/linux_ext/serh/.espressif/tools/riscv32-esp-elf/esp-2021r2-patch5-8.4.0/riscv32-esp-elf/bin/../lib/gcc/riscv32-esp-elf/8.4.0/:/media/linux_ext/serh/.espressif/tools/riscv32-esp-elf/esp-2021r2-patch5-8.4.0/riscv32-esp-elf/bin/../lib/gcc/:/media/linux_ext/serh/.espressif/tools/riscv32-esp-elf/esp-2021r2-patch5-8.4.0/riscv32-esp-elf/bin/../lib/gcc/riscv32-esp-elf/8.4.0/../../../../riscv32-esp-elf/lib/:/lib/:/usr/lib/
COLLECT_GCC_OPTIONS='-v' '-o' 'CMakeFiles/cmTC_a8d3a.dir/CMakeCCompilerABI.c.o' '-c' '-march=rv32gc' '-mabi=ilp32'
[2/2] Linking C executable cmTC_a8d3a
FAILED: cmTC_a8d3a 
: && /home/serh/.espressif/tools/riscv32-esp-elf/esp-2021r2-patch5-8.4.0/riscv32-esp-elf/bin/riscv32-esp-elf-gcc  -v  -rdynamic CMakeFiles/cmTC_a8d3a.dir/CMakeCCompilerABI.c.o -o cmTC_a8d3a   && :
Using built-in specs.
COLLECT_GCC=/home/serh/.espressif/tools/riscv32-esp-elf/esp-2021r2-patch5-8.4.0/riscv32-esp-elf/bin/riscv32-esp-elf-gcc
COLLECT_LTO_WRAPPER=/media/linux_ext/serh/.espressif/tools/riscv32-esp-elf/esp-2021r2-patch5-8.4.0/riscv32-esp-elf/bin/../libexec/gcc/riscv32-esp-elf/8.4.0/lto-wrapper
riscv32-esp-elf-gcc: error: unrecognized command line option '-rdynamic'
Target: riscv32-esp-elf
Configured with: /builds/idf/crosstool-NG/.build/riscv32-esp-elf/src/gcc/configure --build=x86_64-build_pc-linux-gnu --host=x86_64-build_pc-linux-gnu --target=riscv32-esp-elf --prefix=/builds/idf/crosstool-NG/builds/riscv32-esp-elf --exec_prefix=/builds/idf/crosstool-NG/builds/riscv32-esp-elf --with-local-prefix=/builds/idf/crosstool-NG/builds/riscv32-esp-elf/riscv32-esp-elf --with-headers=/builds/idf/crosstool-NG/builds/riscv32-esp-elf/riscv32-esp-elf/include --with-newlib --enable-threads=no --disable-shared --with-arch=rv32gc --with-abi=ilp32 --with-pkgversion='crosstool-NG esp-2021r2-patch5' --disable-__cxa_atexit --enable-cxx-flags=-ffunction-sections --disable-libgomp --disable-libmudflap --disable-libmpx --disable-libssp --disable-libquadmath --disable-libquadmath-support --disable-libstdcxx-verbose --with-gmp=/builds/idf/crosstool-NG/.build/riscv32-esp-elf/buildtools --with-mpfr=/builds/idf/crosstool-NG/.build/riscv32-esp-elf/buildtools --with-mpc=/builds/idf/crosstool-NG/.build/riscv32-esp-elf/buildtools --with-isl=/builds/idf/crosstool-NG/.build/riscv32-esp-elf/buildtools --enable-lto --enable-target-optspace --without-long-double-128 --disable-nls --enable-multiarch --enable-languages=c,c++ --disable-libstdcxx-verbose --enable-threads=posix --enable-gcov-custom-rtio --enable-libstdcxx-time=yes
Thread model: posix
gcc version 8.4.0 (crosstool-NG esp-2021r2-patch5) 
ninja: build stopped: subcommand failed.




Determining if the C compiler works failed with the following output:
Change Dir: /home/serh/workspace/Middleware/build/CMakeFiles/CMakeScratch/TryCompile-7wu5eD

Run Build Command(s):/usr/bin/ninja cmTC_99575 && [1/2] Building C object CMakeFiles/cmTC_99575.dir/testCCompiler.c.o
[2/2] Linking C executable cmTC_99575
FAILED: cmTC_99575 
: && /home/serh/.espressif/tools/riscv32-esp-elf/esp-2021r2-patch5-8.4.0/riscv32-esp-elf/bin/riscv32-esp-elf-gcc  -rdynamic CMakeFiles/cmTC_99575.dir/testCCompiler.c.o -o cmTC_99575   && :
riscv32-esp-elf-gcc: error: unrecognized command line option '-rdynamic'
ninja: build stopped: subcommand failed.



